2026-04-14 08:59:23,386 [INFO] Database initialized successfully
2026-04-14 08:59:23,388 [INFO] Background scheduler loop started.
2026-04-14 08:59:23,388 [INFO] Scheduler started successfully
2026-04-14 08:59:23,406 [INFO] Database initialized successfully
2026-04-14 08:59:23,409 [INFO] Background scheduler loop started.
2026-04-14 08:59:23,409 [INFO] Scheduler started successfully
2026-04-14 08:59:23,417 [INFO] Database initialized successfully
2026-04-14 08:59:23,419 [INFO] Background scheduler loop started.
2026-04-14 08:59:23,420 [INFO] Scheduler started successfully
2026-04-14 08:59:31,303 [INFO] Database initialized successfully
2026-04-14 08:59:31,304 [INFO] Database initialized successfully
2026-04-14 08:59:31,306 [SCHEDULER] Background scheduler loop started.
2026-04-14 08:59:31,306 [INFO] Background scheduler loop started.
2026-04-14 08:59:31,306 [INFO] Database initialized successfully
2026-04-14 08:59:31,307 [INFO] Scheduler started successfully
2026-04-14 08:59:31,308 [SCHEDULER] Background scheduler loop started.
2026-04-14 08:59:31,308 [SCHEDULER] Background scheduler loop started.
2026-04-14 08:59:31,308 [INFO] Background scheduler loop started.
2026-04-14 08:59:31,308 [INFO] Background scheduler loop started.
2026-04-14 08:59:31,309 [INFO] Scheduler started successfully
2026-04-14 08:59:31,309 [INFO] Scheduler started successfully
2026-04-14 09:01:40,356 [INFO] Database initialized successfully
2026-04-14 09:01:40,357 [SCHEDULER] Background scheduler loop started.
2026-04-14 09:01:40,357 [INFO] Background scheduler loop started.
2026-04-14 09:01:40,358 [INFO] Scheduler started successfully
2026-04-14 17:19:33,338 [INFO] Database initialized successfully
2026-04-14 17:19:33,340 [SCHEDULER] Background scheduler loop started.
2026-04-14 17:19:33,340 [INFO] Background scheduler loop started.
2026-04-14 17:19:33,341 [INFO] Scheduler started successfully
2026-04-14 22:03:37,770 [INFO] Database initialized successfully
2026-04-14 22:03:37,772 [SCHEDULER] Background scheduler loop started.
2026-04-14 22:03:37,772 [INFO] Background scheduler loop started.
2026-04-14 22:03:37,772 [INFO] Scheduler started successfully
2026-04-14 22:13:28,520 [INFO] Database initialized successfully
2026-04-14 22:13:28,521 [SCHEDULER] Background scheduler loop started.
2026-04-14 22:13:28,521 [INFO] Background scheduler loop started.
2026-04-14 22:13:28,522 [INFO] Scheduler started successfully
2026-04-14 22:22:31,426 [INFO] Database initialized successfully
2026-04-14 22:22:31,427 [SCHEDULER] Background scheduler loop started.
2026-04-14 22:22:31,427 [INFO] Background scheduler loop started.
2026-04-14 22:22:31,428 [INFO] Scheduler started successfully
2026-04-14 22:23:29,563 [INFO] Database initialized successfully
2026-04-14 22:23:29,565 [SCHEDULER] Background scheduler loop started.
2026-04-14 22:23:29,565 [INFO] Scheduler started successfully
2026-04-14 22:23:29,565 [INFO] Background scheduler loop started.
2026-04-14 22:24:35,349 [INFO] Database initialized successfully
2026-04-14 22:24:35,351 [SCHEDULER] Background scheduler loop started.
2026-04-14 22:24:35,351 [INFO] Background scheduler loop started.
2026-04-14 22:24:35,351 [INFO] Scheduler started successfully
2026-04-14 22:24:48,315 [INFO] Database initialized successfully
2026-04-14 22:24:48,316 [SCHEDULER] Background scheduler loop started.
2026-04-14 22:24:48,316 [INFO] Background scheduler loop started.
2026-04-14 22:24:48,317 [INFO] Scheduler started successfully
2026-04-14 22:40:39,749 [INFO] Email successfully sent to jasmine@example.com
