2026-04-14 08:41:02,569 [INFO] Scheduler started successfully
2026-04-14 08:41:10,068 [INFO] Scheduler started successfully
2026-04-14 08:41:17,336 [INFO] Scheduler started successfully
2026-04-14 08:41:25,844 [SCHEDULER] Background scheduler loop started.
2026-04-14 08:41:25,845 [INFO] Scheduler started successfully
2026-04-14 08:41:25,844 [INFO] Background scheduler loop started.
2026-04-14 08:41:49,990 [INFO] Email successfully sent to shashujasmine2012@gmail.com
2026-04-14 08:43:19,729 [INFO] Scheduler started successfully
tarted.
2026-04-14 08:43:19,728 [INFO] Background scheduler loop started.
2026-04-14 08:44:39,564 [SCHEDULER] Background scheduler loop started.
2026-04-14 08:44:39,564 [INFO] Background scheduler loop started.
2026-04-14 08:44:39,565 [INFO] Scheduler started successfully
2026-04-14 08:44:56,794 [INFO] Scheduler started successfully
tarted.
2026-04-14 08:44:56,793 [INFO] Background scheduler loop started.
2026-04-14 08:47:36,384 [SCHEDULER] Background scheduler loop started.
2026-04-14 08:47:36,384 [INFO] Background scheduler loop started.
2026-04-14 08:47:36,384 [INFO] Scheduler started successfully
2026-04-14 08:54:35,596 [SCHEDULER] Background scheduler loop started.
2026-04-14 08:54:35,597 [INFO] Scheduler started successfully
2026-04-14 08:54:35,596 [INFO] Background scheduler loop started.
2026-04-14 08:58:04,471 [SCHEDULER] Background scheduler loop started.
2026-04-14 08:58:04,471 [INFO] Background scheduler loop started.
2026-04-14 08:58:04,482 [SCHEDULER] Background scheduler loop started.
2026-04-14 08:58:04,482 [INFO] Background scheduler loop started.
2026-04-14 08:58:04,483 [INFO] Scheduler started successfully
2026-04-14 08:58:04,503 [SCHEDULER] Background scheduler loop started.
2026-04-14 08:58:04,503 [INFO] Background scheduler loop started.
2026-04-14 08:58:04,503 [INFO] Scheduler started successfully
2026-04-14 08:59:05,412 [SCHEDULER] Background scheduler loop started.
2026-04-14 08:59:05,412 [INFO] Scheduler started successfully
2026-04-14 08:59:05,412 [INFO] Background scheduler loop started.
2026-04-14 08:59:05,702 [SCHEDULER] Background scheduler loop started.
2026-04-14 08:59:05,702 [INFO] Background scheduler loop started.
2026-04-14 08:59:05,704 [INFO] Scheduler started successfully
2026-04-14 08:59:05,742 [SCHEDULER] Background scheduler loop started.
2026-04-14 08:59:05,742 [INFO] Background scheduler loop started.
2026-04-14 08:59:05,743 [INFO] Scheduler started successfully
2026-04-14 08:59:13,489 [INFO] Database initialized successfully
2026-04-14 08:59:13,491 [SCHEDULER] Background scheduler loop started.
2026-04-14 08:59:13,491 [INFO] Background scheduler loop started.
2026-04-14 08:59:13,492 [INFO] Scheduler started successfully
2026-04-14 08:59:13,521 [INFO] Database initialized successfully
2026-04-14 08:59:13,522 [SCHEDULER] Background scheduler loop started.
2026-04-14 08:59:13,522 [INFO] Background scheduler loop started.
2026-04-14 08:59:13,523 [INFO] Scheduler started successfully
2026-04-14 08:59:13,569 [INFO] Database initialized successfully
2026-04-14 08:59:13,571 [SCHEDULER] Background scheduler loop started.
2026-04-14 08:59:13,571 [INFO] Background scheduler loop started.
2026-04-14 08:59:13,571 [INFO] Scheduler started successfully
2026-04-14 08:59:23,388 [SCHEDULER] Background scheduler loop started.
2026-04-14 08:59:23,409 [SCHEDULER] Background scheduler loop started.
2026-04-14 08:59:23,419 [SCHEDULER] Background scheduler loop started.
